<?xml version="1.0" encoding="UTF-8"?>
<testsuite xmlns:xsi="http://www.w3.org/2001/XMLSchema-instance" xsi:noNamespaceSchemaLocation="https://maven.apache.org/surefire/maven-surefire-plugin/xsd/surefire-test-report-3.0.xsd" version="3.0" name="org.example.RandomClassTest" time="0.045" tests="1" errors="0" skipped="0" failures="0">
  <properties>
    <property name="java.specification.version" value="17"/>
    <property name="sun.cpu.isalist" value="amd64"/>
    <property name="sun.jnu.encoding" value="Cp1252"/>
    <property name="java.class.path" value="C:\Users\Charles-Antoine\Documents\Uni\Session 7\Architecture logicielle\tests\java-ci-test-2\target\test-classes;C:\Users\Charles-Antoine\Documents\Uni\Session 7\Architecture logicielle\tests\java-ci-test-2\target\classes;C:\Users\Charles-Antoine\.m2\repository\org\glassfish\jersey\containers\jersey-container-jetty-http\3.1.0-M7\jersey-container-jetty-http-3.1.0-M7.jar;C:\Users\Charles-Antoine\.m2\repository\jakarta\inject\jakarta.inject-api\2.0.1\jakarta.inject-api-2.0.1.jar;C:\Users\Charles-Antoine\.m2\repository\org\eclipse\jetty\jetty-server\11.0.9\jetty-server-11.0.9.jar;C:\Users\Charles-Antoine\.m2\repository\org\eclipse\jetty\jetty-http\11.0.9\jetty-http-11.0.9.jar;C:\Users\Charles-Antoine\.m2\repository\org\eclipse\jetty\jetty-io\11.0.9\jetty-io-11.0.9.jar;C:\Users\Charles-Antoine\.m2\repository\org\eclipse\jetty\jetty-util\11.0.9\jetty-util-11.0.9.jar;C:\Users\Charles-Antoine\.m2\repository\org\glassfish\jersey\core\jersey-common\3.1.0-M7\jersey-common-3.1.0-M7.jar;C:\Users\Charles-Antoine\.m2\repository\jakarta\annotation\jakarta.annotation-api\2.1.1\jakarta.annotation-api-2.1.1.jar;C:\Users\Charles-Antoine\.m2\repository\org\glassfish\hk2\osgi-resource-locator\1.0.3\osgi-resource-locator-1.0.3.jar;C:\Users\Charles-Antoine\.m2\repository\org\glassfish\jersey\core\jersey-server\3.1.0-M7\jersey-server-3.1.0-M7.jar;C:\Users\Charles-Antoine\.m2\repository\org\glassfish\jersey\core\jersey-client\3.1.0-M7\jersey-client-3.1.0-M7.jar;C:\Users\Charles-Antoine\.m2\repository\jakarta\validation\jakarta.validation-api\3.0.2\jakarta.validation-api-3.0.2.jar;C:\Users\Charles-Antoine\.m2\repository\jakarta\ws\rs\jakarta.ws.rs-api\3.1.0\jakarta.ws.rs-api-3.1.0.jar;C:\Users\Charles-Antoine\.m2\repository\org\glassfish\jersey\inject\jersey-hk2\3.1.0-M7\jersey-hk2-3.1.0-M7.jar;C:\Users\Charles-Antoine\.m2\repository\org\glassfish\hk2\hk2-locator\3.0.3\hk2-locator-3.0.3.jar;C:\Users\Charles-Antoine\.m2\repository\org\glassfish\hk2\external\aopalliance-repackaged\3.0.3\aopalliance-repackaged-3.0.3.jar;C:\Users\Charles-Antoine\.m2\repository\org\glassfish\hk2\hk2-api\3.0.3\hk2-api-3.0.3.jar;C:\Users\Charles-Antoine\.m2\repository\org\glassfish\hk2\hk2-utils\3.0.3\hk2-utils-3.0.3.jar;C:\Users\Charles-Antoine\.m2\repository\org\javassist\javassist\3.28.0-GA\javassist-3.28.0-GA.jar;C:\Users\Charles-Antoine\.m2\repository\org\glassfish\jersey\media\jersey-media-json-jackson\3.1.0-M7\jersey-media-json-jackson-3.1.0-M7.jar;C:\Users\Charles-Antoine\.m2\repository\org\glassfish\jersey\ext\jersey-entity-filtering\3.1.0-M7\jersey-entity-filtering-3.1.0-M7.jar;C:\Users\Charles-Antoine\.m2\repository\com\fasterxml\jackson\core\jackson-annotations\2.13.3\jackson-annotations-2.13.3.jar;C:\Users\Charles-Antoine\.m2\repository\com\fasterxml\jackson\core\jackson-databind\2.13.3\jackson-databind-2.13.3.jar;C:\Users\Charles-Antoine\.m2\repository\com\fasterxml\jackson\core\jackson-core\2.13.3\jackson-core-2.13.3.jar;C:\Users\Charles-Antoine\.m2\repository\com\fasterxml\jackson\module\jackson-module-jakarta-xmlbind-annotations\2.13.3\jackson-module-jakarta-xmlbind-annotations-2.13.3.jar;C:\Users\Charles-Antoine\.m2\repository\com\sun\activation\jakarta.activation\2.0.1\jakarta.activation-2.0.1.jar;C:\Users\Charles-Antoine\.m2\repository\jakarta\xml\bind\jakarta.xml.bind-api\4.0.0\jakarta.xml.bind-api-4.0.0.jar;C:\Users\Charles-Antoine\.m2\repository\jakarta\activation\jakarta.activation-api\2.1.0\jakarta.activation-api-2.1.0.jar;C:\Users\Charles-Antoine\.m2\repository\jakarta\servlet\jakarta.servlet-api\5.0.0\jakarta.servlet-api-5.0.0.jar;C:\Users\Charles-Antoine\.m2\repository\com\google\guava\guava\31.1-jre\guava-31.1-jre.jar;C:\Users\Charles-Antoine\.m2\repository\com\google\guava\failureaccess\1.0.1\failureaccess-1.0.1.jar;C:\Users\Charles-Antoine\.m2\repository\com\google\guava\listenablefuture\9999.0-empty-to-avoid-conflict-with-guava\listenablefuture-9999.0-empty-to-avoid-conflict-with-guava.jar;C:\Users\Charles-Antoine\.m2\repository\com\google\code\findbugs\jsr305\3.0.2\jsr305-3.0.2.jar;C:\Users\Charles-Antoine\.m2\repository\org\checkerframework\checker-qual\3.12.0\checker-qual-3.12.0.jar;C:\Users\Charles-Antoine\.m2\repository\com\google\errorprone\error_prone_annotations\2.11.0\error_prone_annotations-2.11.0.jar;C:\Users\Charles-Antoine\.m2\repository\com\google\j2objc\j2objc-annotations\1.3\j2objc-annotations-1.3.jar;C:\Users\Charles-Antoine\.m2\repository\org\slf4j\slf4j-api\2.0.0\slf4j-api-2.0.0.jar;C:\Users\Charles-Antoine\.m2\repository\org\slf4j\slf4j-simple\2.0.0\slf4j-simple-2.0.0.jar;C:\Users\Charles-Antoine\.m2\repository\org\junit\jupiter\junit-jupiter-api\5.9.0\junit-jupiter-api-5.9.0.jar;C:\Users\Charles-Antoine\.m2\repository\org\opentest4j\opentest4j\1.2.0\opentest4j-1.2.0.jar;C:\Users\Charles-Antoine\.m2\repository\org\junit\platform\junit-platform-commons\1.9.0\junit-platform-commons-1.9.0.jar;C:\Users\Charles-Antoine\.m2\repository\org\apiguardian\apiguardian-api\1.1.2\apiguardian-api-1.1.2.jar;C:\Users\Charles-Antoine\.m2\repository\org\mockito\mockito-core\4.8.0\mockito-core-4.8.0.jar;C:\Users\Charles-Antoine\.m2\repository\net\bytebuddy\byte-buddy\1.12.14\byte-buddy-1.12.14.jar;C:\Users\Charles-Antoine\.m2\repository\net\bytebuddy\byte-buddy-agent\1.12.14\byte-buddy-agent-1.12.14.jar;C:\Users\Charles-Antoine\.m2\repository\org\objenesis\objenesis\3.2\objenesis-3.2.jar;C:\Users\Charles-Antoine\.m2\repository\org\mockito\mockito-junit-jupiter\4.8.0\mockito-junit-jupiter-4.8.0.jar;C:\Users\Charles-Antoine\.m2\repository\org\assertj\assertj-core\3.23.1\assertj-core-3.23.1.jar;C:\Users\Charles-Antoine\.m2\repository\io\rest-assured\rest-assured\5.2.0\rest-assured-5.2.0.jar;C:\Users\Charles-Antoine\.m2\repository\org\apache\groovy\groovy\4.0.1\groovy-4.0.1.jar;C:\Users\Charles-Antoine\.m2\repository\org\apache\groovy\groovy-xml\4.0.1\groovy-xml-4.0.1.jar;C:\Users\Charles-Antoine\.m2\repository\org\apache\httpcomponents\httpclient\4.5.13\httpclient-4.5.13.jar;C:\Users\Charles-Antoine\.m2\repository\org\apache\httpcomponents\httpcore\4.4.13\httpcore-4.4.13.jar;C:\Users\Charles-Antoine\.m2\repository\commons-logging\commons-logging\1.2\commons-logging-1.2.jar;C:\Users\Charles-Antoine\.m2\repository\commons-codec\commons-codec\1.11\commons-codec-1.11.jar;C:\Users\Charles-Antoine\.m2\repository\org\apache\httpcomponents\httpmime\4.5.13\httpmime-4.5.13.jar;C:\Users\Charles-Antoine\.m2\repository\org\hamcrest\hamcrest\2.1\hamcrest-2.1.jar;C:\Users\Charles-Antoine\.m2\repository\org\ccil\cowan\tagsoup\tagsoup\1.2.1\tagsoup-1.2.1.jar;C:\Users\Charles-Antoine\.m2\repository\io\rest-assured\json-path\5.2.0\json-path-5.2.0.jar;C:\Users\Charles-Antoine\.m2\repository\org\apache\groovy\groovy-json\4.0.1\groovy-json-4.0.1.jar;C:\Users\Charles-Antoine\.m2\repository\io\rest-assured\rest-assured-common\5.2.0\rest-assured-common-5.2.0.jar;C:\Users\Charles-Antoine\.m2\repository\io\rest-assured\xml-path\5.2.0\xml-path-5.2.0.jar;C:\Users\Charles-Antoine\.m2\repository\org\apache\commons\commons-lang3\3.11\commons-lang3-3.11.jar;"/>
    <property name="java.vm.vendor" value="Oracle Corporation"/>
    <property name="sun.arch.data.model" value="64"/>
    <property name="user.variant" value=""/>
    <property name="java.vendor.url" value="https://java.oracle.com/"/>
    <property name="user.timezone" value="America/Toronto"/>
    <property name="os.name" value="Windows 10"/>
    <property name="java.vm.specification.version" value="17"/>
    <property name="sun.java.launcher" value="SUN_STANDARD"/>
    <property name="user.country" value="CA"/>
    <property name="sun.boot.library.path" value="C:\Program Files\Java\jdk-17.0.4.1\bin"/>
    <property name="sun.java.command" value="C:\Users\Charles-Antoine\AppData\Local\Temp\surefire12958040286272204919\surefirebooter-20220921110825441_3.jar C:\Users\Charles-Antoine\AppData\Local\Temp\surefire12958040286272204919 2022-09-21T11-08-25_043-jvmRun1 surefire-20220921110825441_1tmp surefire_0-20220921110825441_2tmp"/>
    <property name="jdk.debug" value="release"/>
    <property name="surefire.test.class.path" value="C:\Users\Charles-Antoine\Documents\Uni\Session 7\Architecture logicielle\tests\java-ci-test-2\target\test-classes;C:\Users\Charles-Antoine\Documents\Uni\Session 7\Architecture logicielle\tests\java-ci-test-2\target\classes;C:\Users\Charles-Antoine\.m2\repository\org\glassfish\jersey\containers\jersey-container-jetty-http\3.1.0-M7\jersey-container-jetty-http-3.1.0-M7.jar;C:\Users\Charles-Antoine\.m2\repository\jakarta\inject\jakarta.inject-api\2.0.1\jakarta.inject-api-2.0.1.jar;C:\Users\Charles-Antoine\.m2\repository\org\eclipse\jetty\jetty-server\11.0.9\jetty-server-11.0.9.jar;C:\Users\Charles-Antoine\.m2\repository\org\eclipse\jetty\jetty-http\11.0.9\jetty-http-11.0.9.jar;C:\Users\Charles-Antoine\.m2\repository\org\eclipse\jetty\jetty-io\11.0.9\jetty-io-11.0.9.jar;C:\Users\Charles-Antoine\.m2\repository\org\eclipse\jetty\jetty-util\11.0.9\jetty-util-11.0.9.jar;C:\Users\Charles-Antoine\.m2\repository\org\glassfish\jersey\core\jersey-common\3.1.0-M7\jersey-common-3.1.0-M7.jar;C:\Users\Charles-Antoine\.m2\repository\jakarta\annotation\jakarta.annotation-api\2.1.1\jakarta.annotation-api-2.1.1.jar;C:\Users\Charles-Antoine\.m2\repository\org\glassfish\hk2\osgi-resource-locator\1.0.3\osgi-resource-locator-1.0.3.jar;C:\Users\Charles-Antoine\.m2\repository\org\glassfish\jersey\core\jersey-server\3.1.0-M7\jersey-server-3.1.0-M7.jar;C:\Users\Charles-Antoine\.m2\repository\org\glassfish\jersey\core\jersey-client\3.1.0-M7\jersey-client-3.1.0-M7.jar;C:\Users\Charles-Antoine\.m2\repository\jakarta\validation\jakarta.validation-api\3.0.2\jakarta.validation-api-3.0.2.jar;C:\Users\Charles-Antoine\.m2\repository\jakarta\ws\rs\jakarta.ws.rs-api\3.1.0\jakarta.ws.rs-api-3.1.0.jar;C:\Users\Charles-Antoine\.m2\repository\org\glassfish\jersey\inject\jersey-hk2\3.1.0-M7\jersey-hk2-3.1.0-M7.jar;C:\Users\Charles-Antoine\.m2\repository\org\glassfish\hk2\hk2-locator\3.0.3\hk2-locator-3.0.3.jar;C:\Users\Charles-Antoine\.m2\repository\org\glassfish\hk2\external\aopalliance-repackaged\3.0.3\aopalliance-repackaged-3.0.3.jar;C:\Users\Charles-Antoine\.m2\repository\org\glassfish\hk2\hk2-api\3.0.3\hk2-api-3.0.3.jar;C:\Users\Charles-Antoine\.m2\repository\org\glassfish\hk2\hk2-utils\3.0.3\hk2-utils-3.0.3.jar;C:\Users\Charles-Antoine\.m2\repository\org\javassist\javassist\3.28.0-GA\javassist-3.28.0-GA.jar;C:\Users\Charles-Antoine\.m2\repository\org\glassfish\jersey\media\jersey-media-json-jackson\3.1.0-M7\jersey-media-json-jackson-3.1.0-M7.jar;C:\Users\Charles-Antoine\.m2\repository\org\glassfish\jersey\ext\jersey-entity-filtering\3.1.0-M7\jersey-entity-filtering-3.1.0-M7.jar;C:\Users\Charles-Antoine\.m2\repository\com\fasterxml\jackson\core\jackson-annotations\2.13.3\jackson-annotations-2.13.3.jar;C:\Users\Charles-Antoine\.m2\repository\com\fasterxml\jackson\core\jackson-databind\2.13.3\jackson-databind-2.13.3.jar;C:\Users\Charles-Antoine\.m2\repository\com\fasterxml\jackson\core\jackson-core\2.13.3\jackson-core-2.13.3.jar;C:\Users\Charles-Antoine\.m2\repository\com\fasterxml\jackson\module\jackson-module-jakarta-xmlbind-annotations\2.13.3\jackson-module-jakarta-xmlbind-annotations-2.13.3.jar;C:\Users\Charles-Antoine\.m2\repository\com\sun\activation\jakarta.activation\2.0.1\jakarta.activation-2.0.1.jar;C:\Users\Charles-Antoine\.m2\repository\jakarta\xml\bind\jakarta.xml.bind-api\4.0.0\jakarta.xml.bind-api-4.0.0.jar;C:\Users\Charles-Antoine\.m2\repository\jakarta\activation\jakarta.activation-api\2.1.0\jakarta.activation-api-2.1.0.jar;C:\Users\Charles-Antoine\.m2\repository\jakarta\servlet\jakarta.servlet-api\5.0.0\jakarta.servlet-api-5.0.0.jar;C:\Users\Charles-Antoine\.m2\repository\com\google\guava\guava\31.1-jre\guava-31.1-jre.jar;C:\Users\Charles-Antoine\.m2\repository\com\google\guava\failureaccess\1.0.1\failureaccess-1.0.1.jar;C:\Users\Charles-Antoine\.m2\repository\com\google\guava\listenablefuture\9999.0-empty-to-avoid-conflict-with-guava\listenablefuture-9999.0-empty-to-avoid-conflict-with-guava.jar;C:\Users\Charles-Antoine\.m2\repository\com\google\code\findbugs\jsr305\3.0.2\jsr305-3.0.2.jar;C:\Users\Charles-Antoine\.m2\repository\org\checkerframework\checker-qual\3.12.0\checker-qual-3.12.0.jar;C:\Users\Charles-Antoine\.m2\repository\com\google\errorprone\error_prone_annotations\2.11.0\error_prone_annotations-2.11.0.jar;C:\Users\Charles-Antoine\.m2\repository\com\google\j2objc\j2objc-annotations\1.3\j2objc-annotations-1.3.jar;C:\Users\Charles-Antoine\.m2\repository\org\slf4j\slf4j-api\2.0.0\slf4j-api-2.0.0.jar;C:\Users\Charles-Antoine\.m2\repository\org\slf4j\slf4j-simple\2.0.0\slf4j-simple-2.0.0.jar;C:\Users\Charles-Antoine\.m2\repository\org\junit\jupiter\junit-jupiter-api\5.9.0\junit-jupiter-api-5.9.0.jar;C:\Users\Charles-Antoine\.m2\repository\org\opentest4j\opentest4j\1.2.0\opentest4j-1.2.0.jar;C:\Users\Charles-Antoine\.m2\repository\org\junit\platform\junit-platform-commons\1.9.0\junit-platform-commons-1.9.0.jar;C:\Users\Charles-Antoine\.m2\repository\org\apiguardian\apiguardian-api\1.1.2\apiguardian-api-1.1.2.jar;C:\Users\Charles-Antoine\.m2\repository\org\mockito\mockito-core\4.8.0\mockito-core-4.8.0.jar;C:\Users\Charles-Antoine\.m2\repository\net\bytebuddy\byte-buddy\1.12.14\byte-buddy-1.12.14.jar;C:\Users\Charles-Antoine\.m2\repository\net\bytebuddy\byte-buddy-agent\1.12.14\byte-buddy-agent-1.12.14.jar;C:\Users\Charles-Antoine\.m2\repository\org\objenesis\objenesis\3.2\objenesis-3.2.jar;C:\Users\Charles-Antoine\.m2\repository\org\mockito\mockito-junit-jupiter\4.8.0\mockito-junit-jupiter-4.8.0.jar;C:\Users\Charles-Antoine\.m2\repository\org\assertj\assertj-core\3.23.1\assertj-core-3.23.1.jar;C:\Users\Charles-Antoine\.m2\repository\io\rest-assured\rest-assured\5.2.0\rest-assured-5.2.0.jar;C:\Users\Charles-Antoine\.m2\repository\org\apache\groovy\groovy\4.0.1\groovy-4.0.1.jar;C:\Users\Charles-Antoine\.m2\repository\org\apache\groovy\groovy-xml\4.0.1\groovy-xml-4.0.1.jar;C:\Users\Charles-Antoine\.m2\repository\org\apache\httpcomponents\httpclient\4.5.13\httpclient-4.5.13.jar;C:\Users\Charles-Antoine\.m2\repository\org\apache\httpcomponents\httpcore\4.4.13\httpcore-4.4.13.jar;C:\Users\Charles-Antoine\.m2\repository\commons-logging\commons-logging\1.2\commons-logging-1.2.jar;C:\Users\Charles-Antoine\.m2\repository\commons-codec\commons-codec\1.11\commons-codec-1.11.jar;C:\Users\Charles-Antoine\.m2\repository\org\apache\httpcomponents\httpmime\4.5.13\httpmime-4.5.13.jar;C:\Users\Charles-Antoine\.m2\repository\org\hamcrest\hamcrest\2.1\hamcrest-2.1.jar;C:\Users\Charles-Antoine\.m2\repository\org\ccil\cowan\tagsoup\tagsoup\1.2.1\tagsoup-1.2.1.jar;C:\Users\Charles-Antoine\.m2\repository\io\rest-assured\json-path\5.2.0\json-path-5.2.0.jar;C:\Users\Charles-Antoine\.m2\repository\org\apache\groovy\groovy-json\4.0.1\groovy-json-4.0.1.jar;C:\Users\Charles-Antoine\.m2\repository\io\rest-assured\rest-assured-common\5.2.0\rest-assured-common-5.2.0.jar;C:\Users\Charles-Antoine\.m2\repository\io\rest-assured\xml-path\5.2.0\xml-path-5.2.0.jar;C:\Users\Charles-Antoine\.m2\repository\org\apache\commons\commons-lang3\3.11\commons-lang3-3.11.jar;"/>
    <property name="sun.cpu.endian" value="little"/>
    <property name="user.home" value="C:\Users\Charles-Antoine"/>
    <property name="user.language" value="fr"/>
    <property name="java.specification.vendor" value="Oracle Corporation"/>
    <property name="java.version.date" value="2022-08-18"/>
    <property name="java.home" value="C:\Program Files\Java\jdk-17.0.4.1"/>
    <property name="file.separator" value="\"/>
    <property name="basedir" value="C:\Users\Charles-Antoine\Documents\Uni\Session 7\Architecture logicielle\tests\java-ci-test-2"/>
    <property name="java.vm.compressedOopsMode" value="Zero based"/>
    <property name="line.separator" value="&#10;"/>
    <property name="java.vm.specification.vendor" value="Oracle Corporation"/>
    <property name="java.specification.name" value="Java Platform API Specification"/>
    <property name="surefire.real.class.path" value="C:\Users\Charles-Antoine\AppData\Local\Temp\surefire12958040286272204919\surefirebooter-20220921110825441_3.jar"/>
    <property name="user.script" value=""/>
    <property name="sun.management.compiler" value="HotSpot 64-Bit Tiered Compilers"/>
    <property name="java.runtime.version" value="17.0.4.1+1-LTS-2"/>
    <property name="user.name" value="Charles-Antoine"/>
    <property name="path.separator" value=";"/>
    <property name="os.version" value="10.0"/>
    <property name="java.runtime.name" value="Java(TM) SE Runtime Environment"/>
    <property name="file.encoding" value="Cp1252"/>
    <property name="java.vm.name" value="Java HotSpot(TM) 64-Bit Server VM"/>
    <property name="localRepository" value="C:\Users\Charles-Antoine\.m2\repository"/>
    <property name="java.vendor.url.bug" value="https://bugreport.java.com/bugreport/"/>
    <property name="java.io.tmpdir" value="C:\Users\CHARLE~1\AppData\Local\Temp\"/>
    <property name="idea.version" value="2022.2.2"/>
    <property name="java.version" value="17.0.4.1"/>
    <property name="user.dir" value="C:\Users\Charles-Antoine\Documents\Uni\Session 7\Architecture logicielle\tests\java-ci-test-2"/>
    <property name="os.arch" value="amd64"/>
    <property name="java.vm.specification.name" value="Java Virtual Machine Specification"/>
    <property name="sun.os.patch.level" value=""/>
    <property name="native.encoding" value="Cp1252"/>
    <property name="java.library.path" value="C:\Program Files\Java\jdk-17.0.4.1\bin;C:\WINDOWS\Sun\Java\bin;C:\WINDOWS\system32;C:\WINDOWS;C:\Program Files (x86)\VMware\VMware Player\bin\;C:\Python310\Scripts\;C:\Python310\;C:\Program Files\Common Files\Oracle\Java\javapath;C:\Program Files (x86)\Common Files\Oracle\Java\javapath;C:\Windows\system32;C:\Windows;C:\Windows\System32\Wbem;C:\Windows\System32\WindowsPowerShell\v1.0\;C:\Windows\System32\OpenSSH\;C:\Program Files (x86)\NVIDIA Corporation\PhysX\Common;C:\Program Files\Git\cmd;C:\Program Files\Microsoft SQL Server\130\Tools\Binn\;C:\Program Files\Microsoft SQL Server\Client SDK\ODBC\170\Tools\Binn\;C:\Program Files\dotnet\;C:\WINDOWS\system32;C:\WINDOWS;C:\WINDOWS\System32\Wbem;C:\WINDOWS\System32\WindowsPowerShell\v1.0\;C:\WINDOWS\System32\OpenSSH\;C:\ProgramData\chocolatey\bin;C:\Program Files (x86)\apache-maven-3.6.3\bin;C:\Program Files\NVIDIA Corporation\NVIDIA NvDLISR;C:\Program Files\MATLAB\R2020b\runtime\win64;C:\Program Files\MATLAB\R2020b\bin;C:\Program Files\Docker\Docker\resources\bin;C:\ProgramData\DockerDesktop\version-bin;C:\Program Files\nodejs\;C:\Program Files\PuTTY\;C:\Program Files\Amazon\AWSCLIV2\;C:\Program Files\7-Zip;C:\Users\Charles-Antoine\AppData\Local\Programs\Python\Python39\Scripts\;C:\Users\Charles-Antoine\AppData\Local\Programs\Python\Python39\;C:\Users\Charles-Antoine\.poetry\bin;C:\Program Files\MySQL\MySQL Shell 8.0\bin\;C:\Users\Charles-Antoine\AppData\Local\Programs\Python\Python37-32\Scripts\;C:\Users\Charles-Antoine\AppData\Local\Programs\Python\Python37-32\;C:\Users\Charles-Antoine\AppData\Local\Microsoft\WindowsApps;C:\Users\Charles-Antoine\AppData\Local\atom\bin;C:\Users\Charles-Antoine\AppData\Local\Programs\Microsoft VS Code\bin;C:\Program Files (x86)\Nmap;C:\Users\Charles-Antoine\AppData\Local\Microsoft\WindowsApps;C:\Program Files\JetBrains\WebStorm 2022.1.3\bin;;C:\Program Files\JetBrains\IntelliJ IDEA Community Edition 2020.3.1\bin;;C:\Program Files\JetBrains\CLion 2020.3.1\bin;;C:\Program Files\JetBrains\PyCharm 2020.3.3\bin;;C:\Program Files\JetBrains\IntelliJ IDEA 2020.3.3\bin;;C:\Program Files\heroku\bin;C:\Users\Charles-Antoine\AppData\Local\GitHubDesktop\bin;C:\Users\Charles-Antoine\AppData\Roaming\npm;."/>
    <property name="java.vm.info" value="mixed mode, sharing"/>
    <property name="java.vendor" value="Oracle Corporation"/>
    <property name="java.vm.version" value="17.0.4.1+1-LTS-2"/>
    <property name="sun.io.unicode.encoding" value="UnicodeLittle"/>
    <property name="java.class.version" value="61.0"/>
  </properties>
  <testcase name="shouldReturn3" classname="org.example.RandomClassTest" time="0.023"/>
</testsuite>